<?xml version="1.0" encoding="UTF-8"?>
<!-- Generated by org.testng.reporters.JUnitReportReporter -->
<testsuite hostname="Raman" failures="0" tests="1" name="testcases.CustomerRegistrationTest" time="4.769" errors="0" timestamp="2025-06-17T20:34:30 EDT" skipped="0">
  <testcase classname="testcases.CustomerRegistrationTest" name="newCustomerRegTest" time="4.769"/>
</testsuite> <!-- testcases.CustomerRegistrationTest -->
