<?xml version="1.0" encoding="UTF-8"?>
<!-- Generated by org.testng.reporters.JUnitReportReporter -->
<testsuite hostname="Raman" failures="0" tests="1" name="testcases.ContactTest" time="6.113" errors="0" timestamp="2025-06-17T21:35:44 EDT" skipped="0">
  <testcase classname="testcases.ContactTest" name="newContactTestClick" time="6.113"/>
</testsuite> <!-- testcases.ContactTest -->
